app/build/outputs/logs/manifest-merger-debug-report.txt
-- Merging decision tree log ---
manifest
ADDED from src\main\AndroidManifest.xml:2:1-86:12
INJECTED from src\main\AndroidManifest.xml:2:1-86:12
INJECTED from src\main\AndroidManifest.xml:2:1-86:12
INJECTED from src\main\AndroidManifest.xml:2:1-86:12
MERGED from [:m_mine] AndroidManifest.xml:2:1-40:12
MERGED from [:m_old] AndroidManifest.xml:2:1-388:12
MERGED from [:Library] AndroidManifest.xml:2:1-11:12
MERGED from [com.android.support:multidex:1.0.2] AndroidManifest.xml:17:1-22:12
MERGED from [com.journeyapps:zxing-android-embedded:3.4.0] AndroidManifest.xml:17:1-55:12
MERGED from [com.joanzapata.pdfview:android-pdfview:1.0.4] AndroidManifest.xml:20:119-25:12
MERGED from [cn.bingoogolapple:bga-swipebacklayout:1.0.5] AndroidManifest.xml:2:1-10:12
MERGED from [com.jakewharton.rxbinding:rxbinding:1.0.0] AndroidManifest.xml:2:1-8:12
MERGED from [:oneKeyShare] AndroidManifest.xml:2:1-23:12
MERGED from [com.android.support:design:27.1.1] AndroidManifest.xml:17:1-22:12
MERGED from [com.gjiazhe:wavesidebar:1.3] AndroidManifest.xml:2:1-17:12
MERGED from [com.android.support:appcompat-v7:27.1.1] AndroidManifest.xml:17:1-22:12
MERGED from [com.android.support.constraint:constraint-layout:1.1.0] AndroidManifest.xml:2:1-11:12
MERGED from [io.reactivex.rxjava2:rxandroid:2.0.1] AndroidManifest.xml:15:1-21:12
MERGED from [com.github.tbruyelle:rxpermissions:0.10.2] AndroidManifest.xml:2:1-11:12
MERGED from [com.github.yuanxiaotian:Request:1.1.7] AndroidManifest.xml:2:1-11:12
MERGED from [com.github.yuanxiaotian:Lib_Adapter:1.0.2] AndroidManifest.xml:2:1-11:12
MERGED from [com.youth.banner:banner:1.4.10] AndroidManifest.xml:2:1-11:12
MERGED from [com.facebook.fresco:fresco:1.9.0] AndroidManifest.xml:2:1-9:12
MERGED from [com.android.support:animated-vector-drawable:27.1.1] AndroidManifest.xml:17:1-22:12
MERGED from [com.android.support:support-vector-drawable:27.1.1] AndroidManifest.xml:17:1-22:12
MERGED from [com.android.support:cardview-v7:27.1.1] AndroidManifest.xml:17:1-22:12
MERGED from [com.scwang.smartrefresh:SmartRefreshLayout:1.1.0-alpha-7] AndroidManifest.xml:2:1-17:12
MERGED from [com.github.bumptech.glide:glide:4.7.1] AndroidManifest.xml:2:1-13:12
MERGED from [me.yokeyword:fragmentation:1.3.5] AndroidManifest.xml:2:1-11:12
MERGED from [com.tencent.xinge:xinge:3.2.3-release] AndroidManifest.xml:2:1-110:12
MERGED from [com.tencent.wup:wup:1.0.0.E-release] AndroidManifest.xml:2:1-17:12
MERGED from [com.tencent.mid:mid:4.0.6-release] AndroidManifest.xml:2:1-19:12
MERGED from [com.yanzhenjie:recyclerview-swipe:1.1.4] AndroidManifest.xml:17:1-25:12
MERGED from [com.zhy:base-adapter:3.0.3] AndroidManifest.xml:2:1-11:12
MERGED from [androidx.core:core-ktx:1.0.0-alpha1] AndroidManifest.xml:2:1-7:12
MERGED from [com.android.support:support-v4:27.1.1] AndroidManifest.xml:17:1-22:12
MERGED from [io.reactivex:rxandroid:1.2.1] AndroidManifest.xml:15:1-21:12
MERGED from [com.android.support:support-fragment:27.1.1] AndroidManifest.xml:17:1-22:12
MERGED from [com.android.support:transition:27.1.1] AndroidManifest.xml:17:1-22:12
MERGED from [com.android.support:recyclerview-v7:27.1.1] AndroidManifest.xml:17:1-22:12
MERGED from [com.android.support:support-core-ui:27.1.1] AndroidManifest.xml:17:1-22:12
MERGED from [com.android.support:support-core-utils:27.1.1] AndroidManifest.xml:17:1-22:12
MERGED from [com.android.support:support-media-compat:27.1.1] AndroidManifest.xml:17:1-22:12
MERGED from [com.android.support:support-compat:27.1.1] AndroidManifest.xml:17:1-22:12
MERGED from [com.github.bumptech.glide:gifdecoder:4.7.1] AndroidManifest.xml:2:1-11:12
MERGED from [:shareSDK] AndroidManifest.xml:2:1-16:12
MERGED from [com.facebook.fresco:drawee:1.9.0] AndroidManifest.xml:2:1-9:12
MERGED from [com.facebook.fresco:imagepipeline:1.9.0] AndroidManifest.xml:2:1-9:12
MERGED from [com.facebook.fresco:imagepipeline-base:1.9.0] AndroidManifest.xml:2:1-9:12
MERGED from [com.facebook.fresco:fbcore:1.9.0] AndroidManifest.xml:2:1-9:12
MERGED from [com.facebook.soloader:soloader:0.3.0] AndroidManifest.xml:2:1-13:12
MERGED from [me.yokeyword:fragmentation-core:1.3.5] AndroidManifest.xml:2:1-11:12
MERGED from [com.yanzhenjie:loading:1.0.2] AndroidManifest.xml:17:1-25:12
MERGED from [android.arch.lifecycle:livedata-core:1.1.0] AndroidManifest.xml:17:1-22:12
MERGED from [android.arch.lifecycle:viewmodel:1.1.0] AndroidManifest.xml:17:1-22:12
MERGED from [android.arch.lifecycle:runtime:1.1.0] AndroidManifest.xml:17:1-22:12
MERGED from [android.arch.core:runtime:1.1.0] AndroidManifest.xml:17:1-22:12
INJECTED from src\main\AndroidManifest.xml:2:1-86:12
INJECTED from src\main\AndroidManifest.xml:2:1-86:12
INJECTED from src\main\AndroidManifest.xml:2:1-86:12
	package
		ADDED from src\main\AndroidManifest.xml:4:5-31
		INJECTED from src\main\AndroidManifest.xml
		INJECTED from src\main\AndroidManifest.xml
	android:versionName
		INJECTED from src\main\AndroidManifest.xml
		ADDED from src\main\AndroidManifest.xml:2:1-86:12
		INJECTED from src\main\AndroidManifest.xml
	xmlns:tools
		ADDED from src\main\AndroidManifest.xml:3:5-51
	android:versionCode
		INJECTED from src\main\AndroidManifest.xml
		ADDED from src\main\AndroidManifest.xml:2:1-86:12
		INJECTED from src\main\AndroidManifest.xml
	xmlns:android
		ADDED from src\main\AndroidManifest.xml:2:11-69
uses-permission#android.permission.INTERNET
ADDED from src\main\AndroidManifest.xml:6:5-67
MERGED from [com.tencent.xinge:xinge:3.2.3-release] AndroidManifest.xml:11:5-67
MERGED from [com.tencent.xinge:xinge:3.2.3-release] AndroidManifest.xml:11:5-67
	android:name
		ADDED from src\main\AndroidManifest.xml:6:22-64
uses-permission#android.permission.CALL_PHONE
ADDED from src\main\AndroidManifest.xml:7:5-69
	android:name
		ADDED from src\main\AndroidManifest.xml:7:22-66
uses-permission#android.permission.SEND_SMS
ADDED from src\main\AndroidManifest.xml:8:5-67
	android:name
		ADDED from src\main\AndroidManifest.xml:8:22-64
uses-permission#android.permission.READ_EXTERNAL_STORAGE
ADDED from src\main\AndroidManifest.xml:9:5-80
	android:name
		ADDED from src\main\AndroidManifest.xml:9:22-77
uses-permission#android.permission.WRITE_EXTERNAL_STORAGE
ADDED from src\main\AndroidManifest.xml:10:5-81
MERGED from [com.tencent.xinge:xinge:3.2.3-release] AndroidManifest.xml:20:5-81
MERGED from [com.tencent.xinge:xinge:3.2.3-release] AndroidManifest.xml:20:5-81
	android:name
		ADDED from src\main\AndroidManifest.xml:10:22-78
uses-permission#android.permission.READ_PHONE_STATE
ADDED from src\main\AndroidManifest.xml:13:5-75
MERGED from [com.tencent.xinge:xinge:3.2.3-release] AndroidManifest.xml:12:5-75
MERGED from [com.tencent.xinge:xinge:3.2.3-release] AndroidManifest.xml:12:5-75
	android:name
		ADDED from src\main\AndroidManifest.xml:13:22-72
uses-permission#android.permission.ACCESS_WIFI_STATE
ADDED from src\main\AndroidManifest.xml:14:5-76
MERGED from [com.tencent.xinge:xinge:3.2.3-release] AndroidManifest.xml:13:5-76
MERGED from [com.tencent.xinge:xinge:3.2.3-release] AndroidManifest.xml:13:5-76
	android:name
		ADDED from src\main\AndroidManifest.xml:14:22-73
uses-permission#android.permission.ACCESS_NETWORK_STATE
ADDED from src\main\AndroidManifest.xml:15:5-79
MERGED from [com.tencent.xinge:xinge:3.2.3-release] AndroidManifest.xml:14:5-79
MERGED from [com.tencent.xinge:xinge:3.2.3-release] AndroidManifest.xml:14:5-79
	android:name
		ADDED from src\main\AndroidManifest.xml:15:22-76
uses-permission#android.permission.WAKE_LOCK
ADDED from src\main\AndroidManifest.xml:16:5-68
MERGED from [com.tencent.xinge:xinge:3.2.3-release] AndroidManifest.xml:15:5-68
MERGED from [com.tencent.xinge:xinge:3.2.3-release] AndroidManifest.xml:15:5-68
	android:name
		ADDED from src\main\AndroidManifest.xml:16:22-65
uses-permission#android.permission.VIBRATE
ADDED from src\main\AndroidManifest.xml:17:5-66
MERGED from [com.tencent.xinge:xinge:3.2.3-release] AndroidManifest.xml:16:5-66
MERGED from [com.tencent.xinge:xinge:3.2.3-release] AndroidManifest.xml:16:5-66
	android:name
		ADDED from src\main\AndroidManifest.xml:17:22-63
uses-permission#android.permission.RECEIVE_USER_PRESENT
ADDED from src\main\AndroidManifest.xml:19:5-79
MERGED from [com.tencent.xinge:xinge:3.2.3-release] AndroidManifest.xml:18:5-79
MERGED from [com.tencent.xinge:xinge:3.2.3-release] AndroidManifest.xml:18:5-79
	android:name
		ADDED from src\main\AndroidManifest.xml:19:22-76
uses-permission#android.permission.RECEIVE_BOOT_COMPLETED
ADDED from src\main\AndroidManifest.xml:20:5-81
MERGED from [com.tencent.xinge:xinge:3.2.3-release] AndroidManifest.xml:19:5-81
MERGED from [com.tencent.xinge:xinge:3.2.3-release] AndroidManifest.xml:19:5-81
	android:name
		ADDED from src\main\AndroidManifest.xml:20:22-78
uses-permission#android.permission.WRITE_SETTINGS
ADDED from src\main\AndroidManifest.xml:21:5-23:47
MERGED from [com.tencent.xinge:xinge:3.2.3-release] AndroidManifest.xml:21:5-73
MERGED from [com.tencent.xinge:xinge:3.2.3-release] AndroidManifest.xml:21:5-73
	tools:ignore
		ADDED from src\main\AndroidManifest.xml:23:9-44
	android:name
		ADDED from src\main\AndroidManifest.xml:22:9-57
application
ADDED from src\main\AndroidManifest.xml:26:5-84:19
MERGED from [:m_mine] AndroidManifest.xml:11:5-38:19
MERGED from [:m_mine] AndroidManifest.xml:11:5-38:19
MERGED from [:m_old] AndroidManifest.xml:11:5-386:19
MERGED from [:m_old] AndroidManifest.xml:11:5-386:19
MERGED from [com.journeyapps:zxing-android-embedded:3.4.0] AndroidManifest.xml:45:5-53:19
MERGED from [com.journeyapps:zxing-android-embedded:3.4.0] AndroidManifest.xml:45:5-53:19
MERGED from [:oneKeyShare] AndroidManifest.xml:18:5-21:19
MERGED from [:oneKeyShare] AndroidManifest.xml:18:5-21:19
MERGED from [com.gjiazhe:wavesidebar:1.3] AndroidManifest.xml:11:5-15:19
MERGED from [com.gjiazhe:wavesidebar:1.3] AndroidManifest.xml:11:5-15:19
MERGED from [com.android.support.constraint:constraint-layout:1.1.0] AndroidManifest.xml:9:5-20
MERGED from [com.android.support.constraint:constraint-layout:1.1.0] AndroidManifest.xml:9:5-20
MERGED from [com.github.tbruyelle:rxpermissions:0.10.2] AndroidManifest.xml:9:5-20
MERGED from [com.github.tbruyelle:rxpermissions:0.10.2] AndroidManifest.xml:9:5-20
MERGED from [com.scwang.smartrefresh:SmartRefreshLayout:1.1.0-alpha-7] AndroidManifest.xml:11:5-15:19
MERGED from [com.scwang.smartrefresh:SmartRefreshLayout:1.1.0-alpha-7] AndroidManifest.xml:11:5-15:19
MERGED from [com.github.bumptech.glide:glide:4.7.1] AndroidManifest.xml:11:5-20
MERGED from [com.github.bumptech.glide:glide:4.7.1] AndroidManifest.xml:11:5-20
MERGED from [me.yokeyword:fragmentation:1.3.5] AndroidManifest.xml:9:5-20
MERGED from [me.yokeyword:fragmentation:1.3.5] AndroidManifest.xml:9:5-20
MERGED from [com.tencent.xinge:xinge:3.2.3-release] AndroidManifest.xml:29:5-108:19
MERGED from [com.tencent.xinge:xinge:3.2.3-release] AndroidManifest.xml:29:5-108:19
MERGED from [com.tencent.wup:wup:1.0.0.E-release] AndroidManifest.xml:11:5-15:19
MERGED from [com.tencent.wup:wup:1.0.0.E-release] AndroidManifest.xml:11:5-15:19
MERGED from [com.tencent.mid:mid:4.0.6-release] AndroidManifest.xml:11:5-17:19
MERGED from [com.tencent.mid:mid:4.0.6-release] AndroidManifest.xml:11:5-17:19
MERGED from [com.github.bumptech.glide:gifdecoder:4.7.1] AndroidManifest.xml:9:5-20
MERGED from [com.github.bumptech.glide:gifdecoder:4.7.1] AndroidManifest.xml:9:5-20
MERGED from [:shareSDK] AndroidManifest.xml:11:5-14:19
MERGED from [:shareSDK] AndroidManifest.xml:11:5-14:19
MERGED from [com.facebook.soloader:soloader:0.3.0] AndroidManifest.xml:11:5-20
MERGED from [com.facebook.soloader:soloader:0.3.0] AndroidManifest.xml:11:5-20
MERGED from [me.yokeyword:fragmentation-core:1.3.5] AndroidManifest.xml:9:5-20
MERGED from [me.yokeyword:fragmentation-core:1.3.5] AndroidManifest.xml:9:5-20
	android:supportsRtl
		ADDED from src\main\AndroidManifest.xml:33:9-35
	android:label
		ADDED from src\main\AndroidManifest.xml:31:9-41
	android:hardwareAccelerated
		ADDED from src\main\AndroidManifest.xml:29:9-44
	android:debuggable
		ADDED from [:oneKeyShare] AndroidManifest.xml:20:9-34
	tools:ignore
		ADDED from src\main\AndroidManifest.xml:35:9-35
	android:roundIcon
		ADDED from src\main\AndroidManifest.xml:32:9-54
	android:icon
		ADDED from src\main\AndroidManifest.xml:30:9-43
	android:allowBackup
		ADDED from src\main\AndroidManifest.xml:28:9-35
	android:theme
		ADDED from src\main\AndroidManifest.xml:34:9-40
	android:name
		ADDED from src\main\AndroidManifest.xml:27:9-32
activity#com.xuliucar.car.ui.activity.SplashActivity
ADDED from src\main\AndroidManifest.xml:36:9-45:20
	android:launchMode
		ADDED from src\main\AndroidManifest.xml:38:13-43
	android:theme
		ADDED from src\main\AndroidManifest.xml:39:13-41
	android:name
		ADDED from src\main\AndroidManifest.xml:37:13-55
intent-filter#action:name:android.intent.action.MAIN+category:name:android.intent.category.LAUNCHER
ADDED from src\main\AndroidManifest.xml:40:13-44:29
action#android.intent.action.MAIN
ADDED from src\main\AndroidManifest.xml:41:17-69
	android:name
		ADDED from src\main\AndroidManifest.xml:41:25-66
category#android.intent.category.LAUNCHER
ADDED from src\main\AndroidManifest.xml:43:17-77
	android:name
		ADDED from src\main\AndroidManifest.xml:43:27-74
activity#com.xuliucar.car.ui.activity.AppActivity
ADDED from src\main\AndroidManifest.xml:47:9-58:20
	android:launchMode
		ADDED from src\main\AndroidManifest.xml:49:13-43
	android:name
		ADDED from src\main\AndroidManifest.xml:48:13-52
intent-filter#action:name:android.intent.action.VIEW+category:name:android.intent.category.BROWSABLE+category:name:android.intent.category.DEFAULT+data:host:main+data:scheme:index
ADDED from src\main\AndroidManifest.xml:50:13-57:29
data
ADDED from src\main\AndroidManifest.xml:51:17-53:46
	android:host
		ADDED from src\main\AndroidManifest.xml:52:21-40
	android:scheme
		ADDED from src\main\AndroidManifest.xml:53:21-43
category#android.intent.category.DEFAULT
ADDED from src\main\AndroidManifest.xml:54:17-76
	android:name
		ADDED from src\main\AndroidManifest.xml:54:27-73
action#android.intent.action.VIEW
ADDED from src\main\AndroidManifest.xml:55:17-69
	android:name
		ADDED from src\main\AndroidManifest.xml:55:25-66
category#android.intent.category.BROWSABLE
ADDED from src\main\AndroidManifest.xml:56:17-78
	android:name
		ADDED from src\main\AndroidManifest.xml:56:27-75
activity#com.xuliucar.xuli.xuliucar.ui.notice.OpenPDF
ADDED from src\main\AndroidManifest.xml:60:9-80
	android:name
		ADDED from src\main\AndroidManifest.xml:60:19-78
activity#com.xuliucar.xuli.xuliucar.ui.notice.Web
ADDED from src\main\AndroidManifest.xml:61:9-76
	android:name
		ADDED from src\main\AndroidManifest.xml:61:19-74
activity#com.xuliucar.xuli.xuliucar.ui.notice.World
ADDED from src\main\AndroidManifest.xml:62:9-78
	android:name
		ADDED from src\main\AndroidManifest.xml:62:19-76
activity#com.xuliucar.xuli.xuliucar.ui.notice.OtherNotices
ADDED from src\main\AndroidManifest.xml:63:9-85
	android:name
		ADDED from src\main\AndroidManifest.xml:63:19-83
receiver#com.xuliucar.car.receiver.MessageReceiver
ADDED from src\main\AndroidManifest.xml:65:9-75:20
	android:exported
		ADDED from src\main\AndroidManifest.xml:67:13-36
	tools:ignore
		ADDED from src\main\AndroidManifest.xml:68:13-44
	android:name
		ADDED from src\main\AndroidManifest.xml:66:13-53
intent-filter#action:name:com.tencent.android.tpush.action.FEEDBACK+action:name:com.tencent.android.tpush.action.PUSH_MESSAGE
ADDED from src\main\AndroidManifest.xml:69:13-74:29
action#com.tencent.android.tpush.action.PUSH_MESSAGE
ADDED from src\main\AndroidManifest.xml:71:17-88
	android:name
		ADDED from src\main\AndroidManifest.xml:71:25-85
action#com.tencent.android.tpush.action.FEEDBACK
ADDED from src\main\AndroidManifest.xml:73:17-84
	android:name
		ADDED from src\main\AndroidManifest.xml:73:25-81
meta-data#com.tencent.rdm.uuid
ADDED from src\main\AndroidManifest.xml:77:9-79:68
	android:value
		ADDED from src\main\AndroidManifest.xml:79:13-65
	android:name
		ADDED from src\main\AndroidManifest.xml:78:13-48
meta-data#android.max_aspect
ADDED from src\main\AndroidManifest.xml:81:9-83:35
	android:value
		ADDED from src\main\AndroidManifest.xml:83:13-32
	android:name
		ADDED from src\main\AndroidManifest.xml:82:13-46
uses-sdk
INJECTED from src\main\AndroidManifest.xml reason: use-sdk injection requested
INJECTED from src\main\AndroidManifest.xml
INJECTED from src\main\AndroidManifest.xml
MERGED from [:m_mine] AndroidManifest.xml:7:5-9:41
MERGED from [:m_mine] AndroidManifest.xml:7:5-9:41
MERGED from [:m_old] AndroidManifest.xml:7:5-9:41
MERGED from [:m_old] AndroidManifest.xml:7:5-9:41
MERGED from [:Library] AndroidManifest.xml:7:5-9:41
MERGED from [:Library] AndroidManifest.xml:7:5-9:41
MERGED from [com.android.support:multidex:1.0.2] AndroidManifest.xml:20:5-43
MERGED from [com.android.support:multidex:1.0.2] AndroidManifest.xml:20:5-43
MERGED from [com.journeyapps:zxing-android-embedded:3.4.0] AndroidManifest.xml:19:5-43
MERGED from [com.journeyapps:zxing-android-embedded:3.4.0] AndroidManifest.xml:19:5-43
MERGED from [com.joanzapata.pdfview:android-pdfview:1.0.4] AndroidManifest.xml:23:2-69
MERGED from [com.joanzapata.pdfview:android-pdfview:1.0.4] AndroidManifest.xml:23:2-69
MERGED from [cn.bingoogolapple:bga-swipebacklayout:1.0.5] AndroidManifest.xml:6:5-8:41
MERGED from [cn.bingoogolapple:bga-swipebacklayout:1.0.5] AndroidManifest.xml:6:5-8:41
MERGED from [com.jakewharton.rxbinding:rxbinding:1.0.0] AndroidManifest.xml:6:5-44
MERGED from [com.jakewharton.rxbinding:rxbinding:1.0.0] AndroidManifest.xml:6:5-44
MERGED from [:oneKeyShare] AndroidManifest.xml:7:5-9:41
MERGED from [:oneKeyShare] AndroidManifest.xml:7:5-9:41
MERGED from [com.android.support:design:27.1.1] AndroidManifest.xml:20:5-44
MERGED from [com.android.support:design:27.1.1] AndroidManifest.xml:20:5-44
MERGED from [com.gjiazhe:wavesidebar:1.3] AndroidManifest.xml:7:5-9:41
MERGED from [com.gjiazhe:wavesidebar:1.3] AndroidManifest.xml:7:5-9:41
MERGED from [com.android.support:appcompat-v7:27.1.1] AndroidManifest.xml:20:5-44
MERGED from [com.android.support:appcompat-v7:27.1.1] AndroidManifest.xml:20:5-44
MERGED from [com.android.support.constraint:constraint-layout:1.1.0] AndroidManifest.xml:5:5-7:41
MERGED from [com.android.support.constraint:constraint-layout:1.1.0] AndroidManifest.xml:5:5-7:41
MERGED from [io.reactivex.rxjava2:rxandroid:2.0.1] AndroidManifest.xml:19:5-43
MERGED from [io.reactivex.rxjava2:rxandroid:2.0.1] AndroidManifest.xml:19:5-43
MERGED from [com.github.tbruyelle:rxpermissions:0.10.2] AndroidManifest.xml:5:5-7:41
MERGED from [com.github.tbruyelle:rxpermissions:0.10.2] AndroidManifest.xml:5:5-7:41
MERGED from [com.github.yuanxiaotian:Request:1.1.7] AndroidManifest.xml:7:5-9:41
MERGED from [com.github.yuanxiaotian:Request:1.1.7] AndroidManifest.xml:7:5-9:41
MERGED from [com.github.yuanxiaotian:Lib_Adapter:1.0.2] AndroidManifest.xml:7:5-9:41
MERGED from [com.github.yuanxiaotian:Lib_Adapter:1.0.2] AndroidManifest.xml:7:5-9:41
MERGED from [com.youth.banner:banner:1.4.10] AndroidManifest.xml:7:5-9:41
MERGED from [com.youth.banner:banner:1.4.10] AndroidManifest.xml:7:5-9:41
MERGED from [com.facebook.fresco:fresco:1.9.0] AndroidManifest.xml:5:5-7:41
MERGED from [com.facebook.fresco:fresco:1.9.0] AndroidManifest.xml:5:5-7:41
MERGED from [com.android.support:animated-vector-drawable:27.1.1] AndroidManifest.xml:20:5-44
MERGED from [com.android.support:animated-vector-drawable:27.1.1] AndroidManifest.xml:20:5-44
MERGED from [com.android.support:support-vector-drawable:27.1.1] AndroidManifest.xml:20:5-44
MERGED from [com.android.support:support-vector-drawable:27.1.1] AndroidManifest.xml:20:5-44
MERGED from [com.android.support:cardview-v7:27.1.1] AndroidManifest.xml:20:5-44
MERGED from [com.android.support:cardview-v7:27.1.1] AndroidManifest.xml:20:5-44
MERGED from [com.scwang.smartrefresh:SmartRefreshLayout:1.1.0-alpha-7] AndroidManifest.xml:7:5-9:41
MERGED from [com.scwang.smartrefresh:SmartRefreshLayout:1.1.0-alpha-7] AndroidManifest.xml:7:5-9:41
MERGED from [com.github.bumptech.glide:glide:4.7.1] AndroidManifest.xml:7:5-9:41
MERGED from [com.github.bumptech.glide:glide:4.7.1] AndroidManifest.xml:7:5-9:41
MERGED from [me.yokeyword:fragmentation:1.3.5] AndroidManifest.xml:5:5-7:41
MERGED from [me.yokeyword:fragmentation:1.3.5] AndroidManifest.xml:5:5-7:41
MERGED from [com.tencent.xinge:xinge:3.2.3-release] AndroidManifest.xml:7:5-9:41
MERGED from [com.tencent.xinge:xinge:3.2.3-release] AndroidManifest.xml:7:5-9:41
MERGED from [com.tencent.wup:wup:1.0.0.E-release] AndroidManifest.xml:7:5-9:41
MERGED from [com.tencent.wup:wup:1.0.0.E-release] AndroidManifest.xml:7:5-9:41
MERGED from [com.tencent.mid:mid:4.0.6-release] AndroidManifest.xml:7:5-9:41
MERGED from [com.tencent.mid:mid:4.0.6-release] AndroidManifest.xml:7:5-9:41
MERGED from [com.yanzhenjie:recyclerview-swipe:1.1.4] AndroidManifest.xml:21:5-23:41
MERGED from [com.yanzhenjie:recyclerview-swipe:1.1.4] AndroidManifest.xml:21:5-23:41
MERGED from [com.zhy:base-adapter:3.0.3] AndroidManifest.xml:7:5-9:41
MERGED from [com.zhy:base-adapter:3.0.3] AndroidManifest.xml:7:5-9:41
MERGED from [androidx.core:core-ktx:1.0.0-alpha1] AndroidManifest.xml:5:5-44
MERGED from [androidx.core:core-ktx:1.0.0-alpha1] AndroidManifest.xml:5:5-44
MERGED from [com.android.support:support-v4:27.1.1] AndroidManifest.xml:20:5-44
MERGED from [com.android.support:support-v4:27.1.1] AndroidManifest.xml:20:5-44
MERGED from [io.reactivex:rxandroid:1.2.1] AndroidManifest.xml:19:5-43
MERGED from [io.reactivex:rxandroid:1.2.1] AndroidManifest.xml:19:5-43
MERGED from [com.android.support:support-fragment:27.1.1] AndroidManifest.xml:20:5-44
MERGED from [com.android.support:support-fragment:27.1.1] AndroidManifest.xml:20:5-44
MERGED from [com.android.support:transition:27.1.1] AndroidManifest.xml:20:5-44
MERGED from [com.android.support:transition:27.1.1] AndroidManifest.xml:20:5-44
MERGED from [com.android.support:recyclerview-v7:27.1.1] AndroidManifest.xml:20:5-44
MERGED from [com.android.support:recyclerview-v7:27.1.1] AndroidManifest.xml:20:5-44
MERGED from [com.android.support:support-core-ui:27.1.1] AndroidManifest.xml:20:5-44
MERGED from [com.android.support:support-core-ui:27.1.1] AndroidManifest.xml:20:5-44
MERGED from [com.android.support:support-core-utils:27.1.1] AndroidManifest.xml:20:5-44
MERGED from [com.android.support:support-core-utils:27.1.1] AndroidManifest.xml:20:5-44
MERGED from [com.android.support:support-media-compat:27.1.1] AndroidManifest.xml:20:5-44
MERGED from [com.android.support:support-media-compat:27.1.1] AndroidManifest.xml:20:5-44
MERGED from [com.android.support:support-compat:27.1.1] AndroidManifest.xml:20:5-44
MERGED from [com.android.support:support-compat:27.1.1] AndroidManifest.xml:20:5-44
MERGED from [com.github.bumptech.glide:gifdecoder:4.7.1] AndroidManifest.xml:5:5-7:41
MERGED from [com.github.bumptech.glide:gifdecoder:4.7.1] AndroidManifest.xml:5:5-7:41
MERGED from [:shareSDK] AndroidManifest.xml:7:5-9:41
MERGED from [:shareSDK] AndroidManifest.xml:7:5-9:41
MERGED from [com.facebook.fresco:drawee:1.9.0] AndroidManifest.xml:5:5-7:41
MERGED from [com.facebook.fresco:drawee:1.9.0] AndroidManifest.xml:5:5-7:41
MERGED from [com.facebook.fresco:imagepipeline:1.9.0] AndroidManifest.xml:5:5-7:41
MERGED from [com.facebook.fresco:imagepipeline:1.9.0] AndroidManifest.xml:5:5-7:41
MERGED from [com.facebook.fresco:imagepipeline-base:1.9.0] AndroidManifest.xml:5:5-7:41
MERGED from [com.facebook.fresco:imagepipeline-base:1.9.0] AndroidManifest.xml:5:5-7:41
MERGED from [com.facebook.fresco:fbcore:1.9.0] AndroidManifest.xml:5:5-7:41
MERGED from [com.facebook.fresco:fbcore:1.9.0] AndroidManifest.xml:5:5-7:41
MERGED from [com.facebook.soloader:soloader:0.3.0] AndroidManifest.xml:7:5-9:41
MERGED from [com.facebook.soloader:soloader:0.3.0] AndroidManifest.xml:7:5-9:41
MERGED from [me.yokeyword:fragmentation-core:1.3.5] AndroidManifest.xml:5:5-7:41
MERGED from [me.yokeyword:fragmentation-core:1.3.5] AndroidManifest.xml:5:5-7:41
MERGED from [com.yanzhenjie:loading:1.0.2] AndroidManifest.xml:21:5-23:41
MERGED from [com.yanzhenjie:loading:1.0.2] AndroidManifest.xml:21:5-23:41
MERGED from [android.arch.lifecycle:livedata-core:1.1.0] AndroidManifest.xml:20:5-44
MERGED from [android.arch.lifecycle:livedata-core:1.1.0] AndroidManifest.xml:20:5-44
MERGED from [android.arch.lifecycle:viewmodel:1.1.0] AndroidManifest.xml:20:5-44
MERGED from [android.arch.lifecycle:viewmodel:1.1.0] AndroidManifest.xml:20:5-44
MERGED from [android.arch.lifecycle:runtime:1.1.0] AndroidManifest.xml:20:5-44
MERGED from [android.arch.lifecycle:runtime:1.1.0] AndroidManifest.xml:20:5-44
MERGED from [android.arch.core:runtime:1.1.0] AndroidManifest.xml:20:5-44
MERGED from [android.arch.core:runtime:1.1.0] AndroidManifest.xml:20:5-44
INJECTED from src\main\AndroidManifest.xml
INJECTED from src\main\AndroidManifest.xml
	android:targetSdkVersion
		INJECTED from src\main\AndroidManifest.xml
		ADDED from src\main\AndroidManifest.xml
		INJECTED from src\main\AndroidManifest.xml
	android:minSdkVersion
		INJECTED from src\main\AndroidManifest.xml
		ADDED from src\main\AndroidManifest.xml
		INJECTED from src\main\AndroidManifest.xml
activity#com.xuliucar.me.ui.activity.LoginActivity
ADDED from [:m_mine] AndroidManifest.xml:12:9-24:20
	android:name
		ADDED from [:m_mine] AndroidManifest.xml:12:19-75
intent-filter#action:name:android.intent.action.VIEW+category:name:android.intent.category.BROWSABLE+category:name:android.intent.category.DEFAULT+data:host:login+data:scheme:mine
ADDED from [:m_mine] AndroidManifest.xml:13:13-23:29
activity#com.xuliucar.me.ui.activity.RegActivity
ADDED from [:m_mine] AndroidManifest.xml:25:9-37:20
	android:name
		ADDED from [:m_mine] AndroidManifest.xml:25:19-73
intent-filter#action:name:android.intent.action.VIEW+category:name:android.intent.category.BROWSABLE+category:name:android.intent.category.DEFAULT+data:host:reg+data:scheme:mine
ADDED from [:m_mine] AndroidManifest.xml:26:13-36:29
uses-permission#android.permission.CAMERA
ADDED from [com.journeyapps:zxing-android-embedded:3.4.0] AndroidManifest.xml:21:5-65
	android:name
		ADDED from [com.journeyapps:zxing-android-embedded:3.4.0] AndroidManifest.xml:21:22-62
uses-feature#android.hardware.camera
ADDED from [com.journeyapps:zxing-android-embedded:3.4.0] AndroidManifest.xml:24:5-26:36
	android:required
		ADDED from [com.journeyapps:zxing-android-embedded:3.4.0] AndroidManifest.xml:26:9-33
	android:name
		ADDED from [com.journeyapps:zxing-android-embedded:3.4.0] AndroidManifest.xml:25:9-47
uses-feature#android.hardware.camera.front
ADDED from [com.journeyapps:zxing-android-embedded:3.4.0] AndroidManifest.xml:27:5-29:36
	android:required
		ADDED from [com.journeyapps:zxing-android-embedded:3.4.0] AndroidManifest.xml:29:9-33
	android:name
		ADDED from [com.journeyapps:zxing-android-embedded:3.4.0] AndroidManifest.xml:28:9-53
uses-feature#android.hardware.camera.autofocus
ADDED from [com.journeyapps:zxing-android-embedded:3.4.0] AndroidManifest.xml:32:5-34:36
	android:required
		ADDED from [com.journeyapps:zxing-android-embedded:3.4.0] AndroidManifest.xml:34:9-33
	android:name
		ADDED from [com.journeyapps:zxing-android-embedded:3.4.0] AndroidManifest.xml:33:9-57
uses-feature#android.hardware.camera.flash
ADDED from [com.journeyapps:zxing-android-embedded:3.4.0] AndroidManifest.xml:35:5-37:36
	android:required
		ADDED from [com.journeyapps:zxing-android-embedded:3.4.0] AndroidManifest.xml:37:9-33
	android:name
		ADDED from [com.journeyapps:zxing-android-embedded:3.4.0] AndroidManifest.xml:36:9-53
uses-feature#android.hardware.screen.landscape
ADDED from [com.journeyapps:zxing-android-embedded:3.4.0] AndroidManifest.xml:38:5-40:36
	android:required
		ADDED from [com.journeyapps:zxing-android-embedded:3.4.0] AndroidManifest.xml:40:9-33
	android:name
		ADDED from [com.journeyapps:zxing-android-embedded:3.4.0] AndroidManifest.xml:39:9-57
uses-feature#android.hardware.wifi
ADDED from [com.journeyapps:zxing-android-embedded:3.4.0] AndroidManifest.xml:41:5-43:36
	android:required
		ADDED from [com.journeyapps:zxing-android-embedded:3.4.0] AndroidManifest.xml:43:9-33
	android:name
		ADDED from [com.journeyapps:zxing-android-embedded:3.4.0] AndroidManifest.xml:42:9-45
activity#com.journeyapps.barcodescanner.CaptureActivity
ADDED from [com.journeyapps:zxing-android-embedded:3.4.0] AndroidManifest.xml:46:9-52:63
	android:screenOrientation
		ADDED from [com.journeyapps:zxing-android-embedded:3.4.0] AndroidManifest.xml:49:13-56
	android:clearTaskOnLaunch
		ADDED from [com.journeyapps:zxing-android-embedded:3.4.0] AndroidManifest.xml:48:13-45
	android:stateNotNeeded
		ADDED from [com.journeyapps:zxing-android-embedded:3.4.0] AndroidManifest.xml:50:13-42
	android:windowSoftInputMode
		ADDED from [com.journeyapps:zxing-android-embedded:3.4.0] AndroidManifest.xml:52:13-60
	android:theme
		ADDED from [com.journeyapps:zxing-android-embedded:3.4.0] AndroidManifest.xml:51:13-54
	android:name
		ADDED from [com.journeyapps:zxing-android-embedded:3.4.0] AndroidManifest.xml:47:13-74
supports-screens
ADDED from [:oneKeyShare] AndroidManifest.xml:11:5-16:39
	android:largeScreens
		ADDED from [:oneKeyShare] AndroidManifest.xml:13:9-36
	android:smallScreens
		ADDED from [:oneKeyShare] AndroidManifest.xml:16:9-36
	android:normalScreens
		ADDED from [:oneKeyShare] AndroidManifest.xml:14:9-37
	android:resizeable
		ADDED from [:oneKeyShare] AndroidManifest.xml:15:9-34
	android:anyDensity
		ADDED from [:oneKeyShare] AndroidManifest.xml:12:9-34
uses-permission#android.permission.BROADCAST_STICKY
ADDED from [com.tencent.xinge:xinge:3.2.3-release] AndroidManifest.xml:23:5-75
	android:name
		ADDED from [com.tencent.xinge:xinge:3.2.3-release] AndroidManifest.xml:23:22-72
uses-permission#android.permission.KILL_BACKGROUND_PROCESSES
ADDED from [com.tencent.xinge:xinge:3.2.3-release] AndroidManifest.xml:24:5-84
	android:name
		ADDED from [com.tencent.xinge:xinge:3.2.3-release] AndroidManifest.xml:24:22-81